#
# A fatal error has been detected by the Java Runtime Environment:
#
#  EXCEPTION_ACCESS_VIOLATION (0xc0000005) at pc=0x00007fff369836ce, pid=5056, tid=26820
#
# JRE version: OpenJDK Runtime Environment Temurin-21.0.3+9 (21.0.3+9) (build 21.0.3+9-LTS)
# Java VM: OpenJDK 64-Bit Server VM Temurin-21.0.3+9 (21.0.3+9-LTS, mixed mode, sharing, tiered, compressed oops, compressed class ptrs, g1 gc, windows-amd64)
# Problematic frame:
# C  [lwjgl_stb.dll+0x436ce]
#
# No core dump will be written. Minidumps are not enabled by default on client versions of Windows
#
# If you would like to submit a bug report, please visit:
#   https://github.com/adoptium/adoptium-support/issues
# The crash happened outside the Java Virtual Machine in native code.
# See problematic frame for where to report the bug.
#

---------------  S U M M A R Y ------------

Command Line: -agentlib:jdwp=transport=dt_socket,server=n,suspend=y,address=localhost:62968 -XX:+ShowCodeDetailsInExceptionMessages drawing_stuff.Main

Host: AMD Ryzen 7 5800X 8-Core Processor             , 16 cores, 31G,  Windows 11 , 64 bit Build 22621 (10.0.22621.3527)
Time: Thu Jun 13 23:58:44 2024 Mitteleuropäische Sommerzeit elapsed time: 0.747180 seconds (0d 0h 0m 0s)

---------------  T H R E A D  ---------------

Current thread (0x000001787f27dfe0):  JavaThread "main"             [_thread_in_native, id=26820, stack(0x0000002f7bf00000,0x0000002f7c000000) (1024K)]

Stack: [0x0000002f7bf00000,0x0000002f7c000000],  sp=0x0000002f7bffece8,  free space=1019k
Native frames: (J=compiled Java code, j=interpreted, Vv=VM code, C=native code)
C  [lwjgl_stb.dll+0x436ce]
